# JRE version: OpenJDK Runtime Environment (8.0_152-b01) (build 1.8.0_152-release-1024-b01)
# Java VM: OpenJDK 64-Bit Server VM (25.152-b01 mixed mode linux-amd64 compressed oops)
Heap:
 PSYoungGen      total 452608K, used 0K [0x00000000e0000000, 0x0000000100000000, 0x0000000100000000)
  eden space 381952K, 0% used [0x00000000e0000000,0x00000000e0000000,0x00000000f7500000)
  from space 70656K, 0% used [0x00000000f7500000,0x00000000f7500000,0x00000000fba00000)
  to   space 71680K, 0% used [0x00000000fba00000,0x00000000fba00000,0x0000000100000000)
 ParOldGen       total 350208K, used 236010K [0x00000000a0000000, 0x00000000b5600000, 0x00000000e0000000)
  object space 350208K, 67% used [0x00000000a0000000,0x00000000ae67aaa0,0x00000000b5600000)
 Metaspace       used 98358K, capacity 103902K, committed 104152K, reserved 1140736K
  class space    used 12359K, capacity 13431K, committed 13568K, reserved 1048576K
GC Heap History (10 events):
Event: 164.398 GC heap after
Heap after GC invocations=30 (full 4):
 PSYoungGen      total 477184K, used 9632K [0x00000000e0000000, 0x00000000ffb80000, 0x0000000100000000)
  eden space 439808K, 0% used [0x00000000e0000000,0x00000000e0000000,0x00000000fad80000)
  from space 37376K, 25% used [0x00000000fd700000,0x00000000fe0681c8,0x00000000ffb80000)
  to   space 39936K, 0% used [0x00000000fad80000,0x00000000fad80000,0x00000000fd480000)
 ParOldGen       total 229888K, used 125614K [0x00000000a0000000, 0x00000000ae080000, 0x00000000e0000000)
  object space 229888K, 54% used [0x00000000a0000000,0x00000000a7aab9a0,0x00000000ae080000)
 Metaspace       used 96326K, capacity 100912K, committed 101208K, reserved 1136640K
  class space    used 12074K, capacity 13060K, committed 13184K, reserved 1048576K
}
Event: 174.404 GC heap before
{Heap before GC invocations=31 (full 4):
 PSYoungGen      total 477184K, used 449440K [0x00000000e0000000, 0x00000000ffb80000, 0x0000000100000000)
  eden space 439808K, 100% used [0x00000000e0000000,0x00000000fad80000,0x00000000fad80000)
  from space 37376K, 25% used [0x00000000fd700000,0x00000000fe0681c8,0x00000000ffb80000)
  to   space 39936K, 0% used [0x00000000fad80000,0x00000000fad80000,0x00000000fd480000)
 ParOldGen       total 229888K, used 125614K [0x00000000a0000000, 0x00000000ae080000, 0x00000000e0000000)
  object space 229888K, 54% used [0x00000000a0000000,0x00000000a7aab9a0,0x00000000ae080000)
 Metaspace       used 97530K, capacity 102870K, committed 103256K, reserved 1138688K
  class space    used 12219K, capacity 13293K, committed 13440K, reserved 1048576K
Event: 174.437 GC heap after
Heap after GC invocations=31 (full 4):
 PSYoungGen      total 479744K, used 17216K [0x00000000e0000000, 0x0000000100000000, 0x0000000100000000)
  eden space 439808K, 0% used [0x00000000e0000000,0x00000000e0000000,0x00000000fad80000)
  from space 39936K, 43% used [0x00000000fad80000,0x00000000fbe50070,0x00000000fd480000)
  to   space 38912K, 0% used [0x00000000fda00000,0x00000000fda00000,0x0000000100000000)
 ParOldGen       total 229888K, used 126490K [0x00000000a0000000, 0x00000000ae080000, 0x00000000e0000000)
  object space 229888K, 55% used [0x00000000a0000000,0x00000000a7b86a00,0x00000000ae080000)
 Metaspace       used 97530K, capacity 102870K, committed 103256K, reserved 1138688K
  class space    used 12219K, capacity 13293K, committed 13440K, reserved 1048576K
}
Event: 177.164 GC heap before
{Heap before GC invocations=32 (full 4):
 PSYoungGen      total 479744K, used 453099K [0x00000000e0000000, 0x0000000100000000, 0x0000000100000000)
  eden space 439808K, 99% used [0x00000000e0000000,0x00000000fa9aada8,0x00000000fad80000)
  from space 39936K, 43% used [0x00000000fad80000,0x00000000fbe50070,0x00000000fd480000)
  to   space 38912K, 0% used [0x00000000fda00000,0x00000000fda00000,0x0000000100000000)
 ParOldGen       total 229888K, used 132058K [0x00000000a0000000, 0x00000000ae080000, 0x00000000e0000000)
  object space 229888K, 57% used [0x00000000a0000000,0x00000000a80f6a10,0x00000000ae080000)
 Metaspace       used 98205K, capacity 103672K, committed 103896K, reserved 1140736K
  class space    used 12329K, capacity 13422K, committed 13568K, reserved 1048576K
Event: 177.246 GC heap after
Heap after GC invocations=32 (full 4):
 PSYoungGen      total 420864K, used 38897K [0x00000000e0000000, 0x0000000100000000, 0x0000000100000000)
  eden space 381952K, 0% used [0x00000000e0000000,0x00000000e0000000,0x00000000f7500000)
  from space 38912K, 99% used [0x00000000fda00000,0x00000000ffffc6f8,0x0000000100000000)
  to   space 71168K, 0% used [0x00000000f7500000,0x00000000f7500000,0x00000000fba80000)
 ParOldGen       total 229888K, used 200632K [0x00000000a0000000, 0x00000000ae080000, 0x00000000e0000000)
  object space 229888K, 87% used [0x00000000a0000000,0x00000000ac3ee1f0,0x00000000ae080000)
 Metaspace       used 98205K, capacity 103672K, committed 103896K, reserved 1140736K
  class space    used 12329K, capacity 13422K, committed 13568K, reserved 1048576K
}
Event: 177.246 GC heap before
{Heap before GC invocations=33 (full 5):
 PSYoungGen      total 420864K, used 38897K [0x00000000e0000000, 0x0000000100000000, 0x0000000100000000)
  eden space 381952K, 0% used [0x00000000e0000000,0x00000000e0000000,0x00000000f7500000)
  from space 38912K, 99% used [0x00000000fda00000,0x00000000ffffc6f8,0x0000000100000000)
  to   space 71168K, 0% used [0x00000000f7500000,0x00000000f7500000,0x00000000fba80000)
 ParOldGen       total 229888K, used 200632K [0x00000000a0000000, 0x00000000ae080000, 0x00000000e0000000)
  object space 229888K, 87% used [0x00000000a0000000,0x00000000ac3ee1f0,0x00000000ae080000)
 Metaspace       used 98205K, capacity 103672K, committed 103896K, reserved 1140736K
  class space    used 12329K, capacity 13422K, committed 13568K, reserved 1048576K
Event: 177.656 GC heap after
Heap after GC invocations=33 (full 5):
 PSYoungGen      total 420864K, used 0K [0x00000000e0000000, 0x0000000100000000, 0x0000000100000000)
  eden space 381952K, 0% used [0x00000000e0000000,0x00000000e0000000,0x00000000f7500000)
  from space 38912K, 0% used [0x00000000fda00000,0x00000000fda00000,0x0000000100000000)
  to   space 71168K, 0% used [0x00000000f7500000,0x00000000f7500000,0x00000000fba80000)
 ParOldGen       total 350208K, used 179789K [0x00000000a0000000, 0x00000000b5600000, 0x00000000e0000000)
  object space 350208K, 51% used [0x00000000a0000000,0x00000000aaf93520,0x00000000b5600000)
 Metaspace       used 98205K, capacity 103672K, committed 103896K, reserved 1140736K
  class space    used 12329K, capacity 13422K, committed 13568K, reserved 1048576K
}
Event: 179.733 GC heap before
{Heap before GC invocations=34 (full 5):
 PSYoungGen      total 420864K, used 381952K [0x00000000e0000000, 0x0000000100000000, 0x0000000100000000)
  eden space 381952K, 100% used [0x00000000e0000000,0x00000000f7500000,0x00000000f7500000)
  from space 38912K, 0% used [0x00000000fda00000,0x00000000fda00000,0x0000000100000000)
  to   space 71168K, 0% used [0x00000000f7500000,0x00000000f7500000,0x00000000fba80000)
 ParOldGen       total 350208K, used 244302K [0x00000000a0000000, 0x00000000b5600000, 0x00000000e0000000)
  object space 350208K, 69% used [0x00000000a0000000,0x00000000aee93910,0x00000000b5600000)
 Metaspace       used 98358K, capacity 103902K, committed 104152K, reserved 1140736K
  class space    used 12359K, capacity 13431K, committed 13568K, reserved 1048576K
Event: 179.799 GC heap after
Heap after GC invocations=34 (full 5):
 PSYoungGen      total 452608K, used 70263K [0x00000000e0000000, 0x0000000100000000, 0x0000000100000000)
  eden space 381952K, 0% used [0x00000000e0000000,0x00000000e0000000,0x00000000f7500000)
  from space 70656K, 99% used [0x00000000f7500000,0x00000000fb99ddc8,0x00000000fba00000)
  to   space 71680K, 0% used [0x00000000fba00000,0x00000000fba00000,0x0000000100000000)
 ParOldGen       total 350208K, used 298912K [0x00000000a0000000, 0x00000000b5600000, 0x00000000e0000000)
  object space 350208K, 85% used [0x00000000a0000000,0x00000000b23e8320,0x00000000b5600000)
 Metaspace       used 98358K, capacity 103902K, committed 104152K, reserved 1140736K
  class space    used 12359K, capacity 13431K, committed 13568K, reserved 1048576K
}
Event: 179.800 GC heap before
{Heap before GC invocations=35 (full 6):
 PSYoungGen      total 452608K, used 70263K [0x00000000e0000000, 0x0000000100000000, 0x0000000100000000)
  eden space 381952K, 0% used [0x00000000e0000000,0x00000000e0000000,0x00000000f7500000)
  from space 70656K, 99% used [0x00000000f7500000,0x00000000fb99ddc8,0x00000000fba00000)
  to   space 71680K, 0% used [0x00000000fba00000,0x00000000fba00000,0x0000000100000000)
 ParOldGen       total 350208K, used 298912K [0x00000000a0000000, 0x00000000b5600000, 0x00000000e0000000)
  object space 350208K, 85% used [0x00000000a0000000,0x00000000b23e8320,0x00000000b5600000)
 Metaspace       used 98358K, capacity 103902K, committed 104152K, reserved 1140736K
  class space    used 12359K, capacity 13431K, committed 13568K, reserved 1048576K

